生成启动时间为 2019/7/10 10:35:21。
     1>项目“G:\vs2013 代码\RSA_bigPrime\RSA_bigPrime\RSA_bigPrime.vcxproj”在节点 2 上(Build 个目标)。
     1>ClCompile:
         C:\Program Files (x86)\Microsoft Visual Studio 12.0\VC\bin\CL.exe /c /I"G:\比特课程\加密项目\boost_1_58_0" /ZI /nologo /W3 /WX- /sdl /Od /Oy- /D _MBCS /D _MBCS /D _SCL_SECURE_NO_WARNINGS /Gm /EHsc /RTC1 /MDd /GS /fp:precise /Zc:wchar_t /Zc:forScope /Fo"Debug\\" /Fd"Debug\vc120.pdb" /Gd /TP /analyze- /errorReport:prompt RSA_bigPrime.cpp test.cpp
         test.cpp
     1>g:\比特课程\加密项目\boost_1_58_0\boost\format\alt_sstream_impl.hpp : warning C4819: 该文件包含不能在当前代码页(936)中表示的字符。请将该文件保存为 Unicode 格式以防止数据丢失
         RSA_bigPrime.cpp
     1>g:\比特课程\加密项目\boost_1_58_0\boost\format\alt_sstream_impl.hpp : warning C4819: 该文件包含不能在当前代码页(936)中表示的字符。请将该文件保存为 Unicode 格式以防止数据丢失
     1>g:\vs2013 代码\rsa_bigprime\rsa_bigprime\rsa_bigprime.cpp(30): warning C4244: “=”: 从“std::streamsize”转换到“int”，可能丢失数据
     1>g:\vs2013 代码\rsa_bigprime\rsa_bigprime\rsa_bigprime.cpp(56): warning C4244: “=”: 从“std::streamsize”转换到“int”，可能丢失数据
     1>g:\vs2013 代码\rsa_bigprime\rsa_bigprime\rsa_bigprime.cpp(97): warning C4244: “参数”: 从“time_t”转换到“const uint32_t”，可能丢失数据
     1>g:\vs2013 代码\rsa_bigprime\rsa_bigprime\rsa_bigprime.cpp(112): warning C4244: “参数”: 从“time_t”转换到“const uint32_t”，可能丢失数据
         正在生成代码...
       Link:
         C:\Program Files (x86)\Microsoft Visual Studio 12.0\VC\bin\link.exe /ERRORREPORT:PROMPT /OUT:"G:\vs2013 代码\RSA_bigPrime\Debug\RSA_bigPrime.exe" /INCREMENTAL /NOLOGO kernel32.lib user32.lib gdi32.lib winspool.lib comdlg32.lib advapi32.lib shell32.lib ole32.lib oleaut32.lib uuid.lib odbc32.lib odbccp32.lib /MANIFEST /MANIFESTUAC:"level='asInvoker' uiAccess='false'" /manifest:embed /DEBUG /PDB:"G:\vs2013 代码\RSA_bigPrime\Debug\RSA_bigPrime.pdb" /SUBSYSTEM:CONSOLE /TLBID:1 /DYNAMICBASE /NXCOMPAT /IMPLIB:"G:\vs2013 代码\RSA_bigPrime\Debug\RSA_bigPrime.lib" /MACHINE:X86 Debug\RSA_bigPrime.obj
         Debug\test.obj
         RSA_bigPrime.vcxproj -> G:\vs2013 代码\RSA_bigPrime\Debug\RSA_bigPrime.exe
     1>已完成生成项目“G:\vs2013 代码\RSA_bigPrime\RSA_bigPrime\RSA_bigPrime.vcxproj”(Build 个目标)的操作。

生成成功。

已用时间 00:00:08.63
