The system is: Linux - 3.10.0-862.el7.x86_64 - x86_64
Compiling the C compiler identification source file "CMakeCCompilerId.c" succeeded.
Compiler: /usr/bin/gcc 
Build flags: 
Id flags: 

The output was:
0


Compilation of the C compiler identification source "CMakeCCompilerId.c" produced "a.out"

The C compiler identification is GNU, found in "/home/wg/GitHub/Project/myjsonProj/build/CMakeFiles/2.8.10.2/CompilerIdC/a.out"

Determining if the C compiler works passed with the following output:
Change Dir: /home/wg/GitHub/Project/myjsonProj/build/CMakeFiles/CMakeTmp

Run Build Command:/usr/bin/gmake "cmTryCompileExec1458407601/fast"
/usr/bin/gmake -f CMakeFiles/cmTryCompileExec1458407601.dir/build.make CMakeFiles/cmTryCompileExec1458407601.dir/build
gmake[1]: Entering directory `/home/wg/GitHub/Project/myjsonProj/build/CMakeFiles/CMakeTmp'
/usr/local/bin/cmake -E cmake_progress_report /home/wg/GitHub/Project/myjsonProj/build/CMakeFiles/CMakeTmp/CMakeFiles 1
Building C object CMakeFiles/cmTryCompileExec1458407601.dir/testCCompiler.c.o
/usr/bin/gcc    -o CMakeFiles/cmTryCompileExec1458407601.dir/testCCompiler.c.o   -c /home/wg/GitHub/Project/myjsonProj/build/CMakeFiles/CMakeTmp/testCCompiler.c
Linking C executable cmTryCompileExec1458407601
/usr/local/bin/cmake -E cmake_link_script CMakeFiles/cmTryCompileExec1458407601.dir/link.txt --verbose=1
/usr/bin/gcc         CMakeFiles/cmTryCompileExec1458407601.dir/testCCompiler.c.o  -o cmTryCompileExec1458407601 -rdynamic 
gmake[1]: Leaving directory `/home/wg/GitHub/Project/myjsonProj/build/CMakeFiles/CMakeTmp'


Detecting C compiler ABI info compiled with the following output:
Change Dir: /home/wg/GitHub/Project/myjsonProj/build/CMakeFiles/CMakeTmp

Run Build Command:/usr/bin/gmake "cmTryCompileExec4216497925/fast"
/usr/bin/gmake -f CMakeFiles/cmTryCompileExec4216497925.dir/build.make CMakeFiles/cmTryCompileExec4216497925.dir/build
gmake[1]: Entering directory `/home/wg/GitHub/Project/myjsonProj/build/CMakeFiles/CMakeTmp'
/usr/local/bin/cmake -E cmake_progress_report /home/wg/GitHub/Project/myjsonProj/build/CMakeFiles/CMakeTmp/CMakeFiles 1
Building C object CMakeFiles/cmTryCompileExec4216497925.dir/CMakeCCompilerABI.c.o
/usr/bin/gcc    -o CMakeFiles/cmTryCompileExec4216497925.dir/CMakeCCompilerABI.c.o   -c /usr/local/share/cmake-2.8/Modules/CMakeCCompilerABI.c
Linking C executable cmTryCompileExec4216497925
/usr/local/bin/cmake -E cmake_link_script CMakeFiles/cmTryCompileExec4216497925.dir/link.txt --verbose=1
/usr/bin/gcc       -v CMakeFiles/cmTryCompileExec4216497925.dir/CMakeCCompilerABI.c.o  -o cmTryCompileExec4216497925 -rdynamic  
Using built-in specs.
COLLECT_GCC=/usr/bin/gcc
COLLECT_LTO_WRAPPER=/usr/libexec/gcc/x86_64-redhat-linux/5.1.1/lto-wrapper
Target: x86_64-redhat-linux
Configured with: ../configure --enable-bootstrap --enable-languages=c,c++,objc,obj-c++,fortran,ada,go,lto --prefix=/usr --mandir=/usr/share/man --infodir=/usr/share/info --with-bugurl=http://bugzilla.redhat.com/bugzilla --enable-shared --enable-threads=posix --enable-checking=release --enable-multilib --with-system-zlib --enable-__cxa_atexit --disable-libunwind-exceptions --enable-gnu-unique-object --enable-linker-build-id --with-linker-hash-style=gnu --enable-plugin --enable-initfini-array --disable-libgcj --with-isl --enable-libmpx --enable-gnu-indirect-function --with-tune=generic --with-arch_32=i686 --build=x86_64-redhat-linux
Thread model: posix
gcc version 5.1.1 20150618 (Red Hat 5.1.1-4) (GCC) 
COMPILER_PATH=/usr/libexec/gcc/x86_64-redhat-linux/5.1.1/:/usr/libexec/gcc/x86_64-redhat-linux/5.1.1/:/usr/libexec/gcc/x86_64-redhat-linux/:/usr/lib/gcc/x86_64-redhat-linux/5.1.1/:/usr/lib/gcc/x86_64-redhat-linux/
LIBRARY_PATH=/usr/lib/gcc/x86_64-redhat-linux/5.1.1/:/usr/lib/gcc/x86_64-redhat-linux/5.1.1/../../../../lib64/:/lib/../lib64/:/usr/lib/../lib64/:/usr/lib/gcc/x86_64-redhat-linux/5.1.1/../../../:/lib/:/usr/lib/
COLLECT_GCC_OPTIONS='-v' '-o' 'cmTryCompileExec4216497925' '-rdynamic' '-mtune=generic' '-march=x86-64'
 /usr/libexec/gcc/x86_64-redhat-linux/5.1.1/collect2 -plugin /usr/libexec/gcc/x86_64-redhat-linux/5.1.1/liblto_plugin.so -plugin-opt=/usr/libexec/gcc/x86_64-redhat-linux/5.1.1/lto-wrapper -plugin-opt=-fresolution=/tmp/ccTVuX4d.res -plugin-opt=-pass-through=-lgcc -plugin-opt=-pass-through=-lgcc_s -plugin-opt=-pass-through=-lc -plugin-opt=-pass-through=-lgcc -plugin-opt=-pass-through=-lgcc_s --build-id --no-add-needed --eh-frame-hdr --hash-style=gnu -m elf_x86_64 -export-dynamic -dynamic-linker /lib64/ld-linux-x86-64.so.2 -o cmTryCompileExec4216497925 /usr/lib/gcc/x86_64-redhat-linux/5.1.1/../../../../lib64/crt1.o /usr/lib/gcc/x86_64-redhat-linux/5.1.1/../../../../lib64/crti.o /usr/lib/gcc/x86_64-redhat-linux/5.1.1/crtbegin.o -L/usr/lib/gcc/x86_64-redhat-linux/5.1.1 -L/usr/lib/gcc/x86_64-redhat-linux/5.1.1/../../../../lib64 -L/lib/../lib64 -L/usr/lib/../lib64 -L/usr/lib/gcc/x86_64-redhat-linux/5.1.1/../../.. CMakeFiles/cmTryCompileExec4216497925.dir/CMakeCCompilerABI.c.o -lgcc --as-needed -lgcc_s --no-as-needed -lc -lgcc --as-needed -lgcc_s --no-as-needed /usr/lib/gcc/x86_64-redhat-linux/5.1.1/crtend.o /usr/lib/gcc/x86_64-redhat-linux/5.1.1/../../../../lib64/crtn.o
gmake[1]: Leaving directory `/home/wg/GitHub/Project/myjsonProj/build/CMakeFiles/CMakeTmp'


Parsed C implicit link information from above output:
  link line regex: [^( *|.*[/\])(ld|ld|collect2)[^/\]*( |$)]
  ignore line: [Change Dir: /home/wg/GitHub/Project/myjsonProj/build/CMakeFiles/CMakeTmp]
  ignore line: []
  ignore line: [Run Build Command:/usr/bin/gmake "cmTryCompileExec4216497925/fast"]
  ignore line: [/usr/bin/gmake -f CMakeFiles/cmTryCompileExec4216497925.dir/build.make CMakeFiles/cmTryCompileExec4216497925.dir/build]
  ignore line: [gmake[1]: Entering directory `/home/wg/GitHub/Project/myjsonProj/build/CMakeFiles/CMakeTmp']
  ignore line: [/usr/local/bin/cmake -E cmake_progress_report /home/wg/GitHub/Project/myjsonProj/build/CMakeFiles/CMakeTmp/CMakeFiles 1]
  ignore line: [Building C object CMakeFiles/cmTryCompileExec4216497925.dir/CMakeCCompilerABI.c.o]
  ignore line: [/usr/bin/gcc    -o CMakeFiles/cmTryCompileExec4216497925.dir/CMakeCCompilerABI.c.o   -c /usr/local/share/cmake-2.8/Modules/CMakeCCompilerABI.c]
  ignore line: [Linking C executable cmTryCompileExec4216497925]
  ignore line: [/usr/local/bin/cmake -E cmake_link_script CMakeFiles/cmTryCompileExec4216497925.dir/link.txt --verbose=1]
  ignore line: [/usr/bin/gcc       -v CMakeFiles/cmTryCompileExec4216497925.dir/CMakeCCompilerABI.c.o  -o cmTryCompileExec4216497925 -rdynamic  ]
  ignore line: [Using built-in specs.]
  ignore line: [COLLECT_GCC=/usr/bin/gcc]
  ignore line: [COLLECT_LTO_WRAPPER=/usr/libexec/gcc/x86_64-redhat-linux/5.1.1/lto-wrapper]
  ignore line: [Target: x86_64-redhat-linux]
  ignore line: [Configured with: ../configure --enable-bootstrap --enable-languages=c,c++,objc,obj-c++,fortran,ada,go,lto --prefix=/usr --mandir=/usr/share/man --infodir=/usr/share/info --with-bugurl=http://bugzilla.redhat.com/bugzilla --enable-shared --enable-threads=posix --enable-checking=release --enable-multilib --with-system-zlib --enable-__cxa_atexit --disable-libunwind-exceptions --enable-gnu-unique-object --enable-linker-build-id --with-linker-hash-style=gnu --enable-plugin --enable-initfini-array --disable-libgcj --with-isl --enable-libmpx --enable-gnu-indirect-function --with-tune=generic --with-arch_32=i686 --build=x86_64-redhat-linux]
  ignore line: [Thread model: posix]
  ignore line: [gcc version 5.1.1 20150618 (Red Hat 5.1.1-4) (GCC) ]
  ignore line: [COMPILER_PATH=/usr/libexec/gcc/x86_64-redhat-linux/5.1.1/:/usr/libexec/gcc/x86_64-redhat-linux/5.1.1/:/usr/libexec/gcc/x86_64-redhat-linux/:/usr/lib/gcc/x86_64-redhat-linux/5.1.1/:/usr/lib/gcc/x86_64-redhat-linux/]
  ignore line: [LIBRARY_PATH=/usr/lib/gcc/x86_64-redhat-linux/5.1.1/:/usr/lib/gcc/x86_64-redhat-linux/5.1.1/../../../../lib64/:/lib/../lib64/:/usr/lib/../lib64/:/usr/lib/gcc/x86_64-redhat-linux/5.1.1/../../../:/lib/:/usr/lib/]
  ignore line: [COLLECT_GCC_OPTIONS='-v' '-o' 'cmTryCompileExec4216497925' '-rdynamic' '-mtune=generic' '-march=x86-64']
  link line: [ /usr/libexec/gcc/x86_64-redhat-linux/5.1.1/collect2 -plugin /usr/libexec/gcc/x86_64-redhat-linux/5.1.1/liblto_plugin.so -plugin-opt=/usr/libexec/gcc/x86_64-redhat-linux/5.1.1/lto-wrapper -plugin-opt=-fresolution=/tmp/ccTVuX4d.res -plugin-opt=-pass-through=-lgcc -plugin-opt=-pass-through=-lgcc_s -plugin-opt=-pass-through=-lc -plugin-opt=-pass-through=-lgcc -plugin-opt=-pass-through=-lgcc_s --build-id --no-add-needed --eh-frame-hdr --hash-style=gnu -m elf_x86_64 -export-dynamic -dynamic-linker /lib64/ld-linux-x86-64.so.2 -o cmTryCompileExec4216497925 /usr/lib/gcc/x86_64-redhat-linux/5.1.1/../../../../lib64/crt1.o /usr/lib/gcc/x86_64-redhat-linux/5.1.1/../../../../lib64/crti.o /usr/lib/gcc/x86_64-redhat-linux/5.1.1/crtbegin.o -L/usr/lib/gcc/x86_64-redhat-linux/5.1.1 -L/usr/lib/gcc/x86_64-redhat-linux/5.1.1/../../../../lib64 -L/lib/../lib64 -L/usr/lib/../lib64 -L/usr/lib/gcc/x86_64-redhat-linux/5.1.1/../../.. CMakeFiles/cmTryCompileExec4216497925.dir/CMakeCCompilerABI.c.o -lgcc --as-needed -lgcc_s --no-as-needed -lc -lgcc --as-needed -lgcc_s --no-as-needed /usr/lib/gcc/x86_64-redhat-linux/5.1.1/crtend.o /usr/lib/gcc/x86_64-redhat-linux/5.1.1/../../../../lib64/crtn.o]
    arg [/usr/libexec/gcc/x86_64-redhat-linux/5.1.1/collect2] ==> ignore
    arg [-plugin] ==> ignore
    arg [/usr/libexec/gcc/x86_64-redhat-linux/5.1.1/liblto_plugin.so] ==> ignore
    arg [-plugin-opt=/usr/libexec/gcc/x86_64-redhat-linux/5.1.1/lto-wrapper] ==> ignore
    arg [-plugin-opt=-fresolution=/tmp/ccTVuX4d.res] ==> ignore
    arg [-plugin-opt=-pass-through=-lgcc] ==> ignore
    arg [-plugin-opt=-pass-through=-lgcc_s] ==> ignore
    arg [-plugin-opt=-pass-through=-lc] ==> ignore
    arg [-plugin-opt=-pass-through=-lgcc] ==> ignore
    arg [-plugin-opt=-pass-through=-lgcc_s] ==> ignore
    arg [--build-id] ==> ignore
    arg [--no-add-needed] ==> ignore
    arg [--eh-frame-hdr] ==> ignore
    arg [--hash-style=gnu] ==> ignore
    arg [-m] ==> ignore
    arg [elf_x86_64] ==> ignore
    arg [-export-dynamic] ==> ignore
    arg [-dynamic-linker] ==> ignore
    arg [/lib64/ld-linux-x86-64.so.2] ==> ignore
    arg [-o] ==> ignore
    arg [cmTryCompileExec4216497925] ==> ignore
    arg [/usr/lib/gcc/x86_64-redhat-linux/5.1.1/../../../../lib64/crt1.o] ==> ignore
    arg [/usr/lib/gcc/x86_64-redhat-linux/5.1.1/../../../../lib64/crti.o] ==> ignore
    arg [/usr/lib/gcc/x86_64-redhat-linux/5.1.1/crtbegin.o] ==> ignore
    arg [-L/usr/lib/gcc/x86_64-redhat-linux/5.1.1] ==> dir [/usr/lib/gcc/x86_64-redhat-linux/5.1.1]
    arg [-L/usr/lib/gcc/x86_64-redhat-linux/5.1.1/../../../../lib64] ==> dir [/usr/lib/gcc/x86_64-redhat-linux/5.1.1/../../../../lib64]
    arg [-L/lib/../lib64] ==> dir [/lib/../lib64]
    arg [-L/usr/lib/../lib64] ==> dir [/usr/lib/../lib64]
    arg [-L/usr/lib/gcc/x86_64-redhat-linux/5.1.1/../../..] ==> dir [/usr/lib/gcc/x86_64-redhat-linux/5.1.1/../../..]
    arg [CMakeFiles/cmTryCompileExec4216497925.dir/CMakeCCompilerABI.c.o] ==> ignore
    arg [-lgcc] ==> lib [gcc]
    arg [--as-needed] ==> ignore
    arg [-lgcc_s] ==> lib [gcc_s]
    arg [--no-as-needed] ==> ignore
    arg [-lc] ==> lib [c]
    arg [-lgcc] ==> lib [gcc]
    arg [--as-needed] ==> ignore
    arg [-lgcc_s] ==> lib [gcc_s]
    arg [--no-as-needed] ==> ignore
    arg [/usr/lib/gcc/x86_64-redhat-linux/5.1.1/crtend.o] ==> ignore
    arg [/usr/lib/gcc/x86_64-redhat-linux/5.1.1/../../../../lib64/crtn.o] ==> ignore
  remove lib [gcc]
  remove lib [gcc_s]
  remove lib [gcc]
  remove lib [gcc_s]
  collapse dir [/usr/lib/gcc/x86_64-redhat-linux/5.1.1] ==> [/usr/lib/gcc/x86_64-redhat-linux/5.1.1]
  collapse dir [/usr/lib/gcc/x86_64-redhat-linux/5.1.1/../../../../lib64] ==> [/usr/lib64]
  collapse dir [/lib/../lib64] ==> [/lib64]
  collapse dir [/usr/lib/../lib64] ==> [/usr/lib64]
  collapse dir [/usr/lib/gcc/x86_64-redhat-linux/5.1.1/../../..] ==> [/usr/lib]
  implicit libs: [c]
  implicit dirs: [/usr/lib/gcc/x86_64-redhat-linux/5.1.1;/usr/lib64;/lib64;/usr/lib]


